Added Component: Designator=P1(HDR1X4)
Added Component: Designator=P2(HDR1X4)
Added Component: Designator=P?(HDR1X12)
Added Pin To Net: NetName=NetP1_1 Pin=P1-1
Added Pin To Net: NetName=NetP1_1 Pin=P1-2
Added Pin To Net: NetName=NetP1_1 Pin=P1-3
Added Pin To Net: NetName=NetP1_1 Pin=P1-4
Added Pin To Net: NetName=NetP1_1 Pin=V1-4
Added Net: Name=NetP1_1
Added Pin To Net: NetName=NetP2_1 Pin=P2-1
Added Pin To Net: NetName=NetP2_1 Pin=P2-2
Added Pin To Net: NetName=NetP2_1 Pin=P2-3
Added Pin To Net: NetName=NetP2_1 Pin=P2-4
Added Pin To Net: NetName=NetP2_1 Pin=V1-7
Added Net: Name=NetP2_1
Added Pin To Net: NetName=NetP?_1 Pin=P?-1
Added Pin To Net: NetName=NetP?_1 Pin=V1-8
Added Net: Name=NetP?_1
Added Pin To Net: NetName=NetP?_4 Pin=P?-4
Added Pin To Net: NetName=NetP?_4 Pin=V1-9
Added Pin To Net: NetName=NetP?_4 Pin=V1-10
Added Net: Name=NetP?_4
Added Pin To Net: NetName=NetP?_5 Pin=P?-5
Added Pin To Net: NetName=NetP?_5 Pin=V1-5
Added Net: Name=NetP?_5
Added Pin To Net: NetName=NetP?_8 Pin=P?-8
Added Pin To Net: NetName=NetP?_8 Pin=V1-6
Added Net: Name=NetP?_8
Added Pin To Net: NetName=NetP?_9 Pin=P?-9
Added Pin To Net: NetName=NetP?_9 Pin=V1-1
Added Pin To Net: NetName=NetP?_9 Pin=V1-2
Added Net: Name=NetP?_9
Added Pin To Net: NetName=NetP?_12 Pin=P?-12
Added Pin To Net: NetName=NetP?_12 Pin=V1-3
Added Net: Name=NetP?_12
Added Member To Class: ClassName=6P1 Member=Component P1 Header 4
Added Member To Class: ClassName=6P1 Member=Component P2 Header 4
Added Member To Class: ClassName=6P1 Member=Component P? Header 12
Added Room: Name=6P1
